<?xml version="1.0" encoding="UTF-8"?>
<!-- Generated by org.testng.reporters.JUnitReportReporter -->
<testsuite hostname="LAPTOP-JPAOG5NK" failures="0" tests="2" name="com.sdet.maven.AppTest" time="0.015" errors="0" timestamp="2022-10-30T22:13:37 IST" skipped="0">
  <testcase classname="com.sdet.maven.AppTest" name="testlogin2" time="0.001"/>
  <system-out/>
  <testcase classname="com.sdet.maven.AppTest" name="testlogin1" time="0.014"/>
  <system-out/>
</testsuite> <!-- com.sdet.maven.AppTest -->
